20:34:03: [INFO] [C:\Users\revan\Documents\GitHub\autonomy-bootcamp-2025-p2\modules\command\command_worker.py | command_worker | 47] Logger initialized
20:34:03: [INFO] [C:\Users\revan\Documents\GitHub\autonomy-bootcamp-2025-p2\modules\command\command.py | run | 83] Average Velocity - X: 0.00, Y: 0.00, Z: 4.00
20:34:03: [INFO] [C:\Users\revan\Documents\GitHub\autonomy-bootcamp-2025-p2\modules\command\command_worker.py | command_worker | 83] Generated command: CHANGE_ALTITUDE: 1
20:34:04: [INFO] [C:\Users\revan\Documents\GitHub\autonomy-bootcamp-2025-p2\modules\command\command.py | run | 83] Average Velocity - X: 0.00, Y: 0.00, Z: 1.00
20:34:04: [INFO] [C:\Users\revan\Documents\GitHub\autonomy-bootcamp-2025-p2\modules\command\command_worker.py | command_worker | 83] Generated command: CHANGE_ALTITUDE: -1
20:34:05: [INFO] [C:\Users\revan\Documents\GitHub\autonomy-bootcamp-2025-p2\modules\command\command.py | run | 83] Average Velocity - X: 0.00, Y: 0.00, Z: 0.67
20:34:05: [INFO] [C:\Users\revan\Documents\GitHub\autonomy-bootcamp-2025-p2\modules\command\command_worker.py | command_worker | 83] Generated command: CHANGING_YAW: 62.32780010512792
20:34:06: [INFO] [C:\Users\revan\Documents\GitHub\autonomy-bootcamp-2025-p2\modules\command\command.py | run | 83] Average Velocity - X: 0.00, Y: 0.00, Z: 0.50
20:34:06: [INFO] [C:\Users\revan\Documents\GitHub\autonomy-bootcamp-2025-p2\modules\command\command_worker.py | command_worker | 83] Generated command: CHANGING_YAW: 62.32780010512792
20:34:07: [INFO] [C:\Users\revan\Documents\GitHub\autonomy-bootcamp-2025-p2\modules\command\command.py | run | 83] Average Velocity - X: 0.00, Y: 0.00, Z: 0.40
20:34:07: [INFO] [C:\Users\revan\Documents\GitHub\autonomy-bootcamp-2025-p2\modules\command\command_worker.py | command_worker | 83] Generated command: CHANGING_YAW: 62.32780010512792
20:34:08: [INFO] [C:\Users\revan\Documents\GitHub\autonomy-bootcamp-2025-p2\modules\command\command.py | run | 83] Average Velocity - X: 0.00, Y: 0.00, Z: 0.33
20:34:08: [INFO] [C:\Users\revan\Documents\GitHub\autonomy-bootcamp-2025-p2\modules\command\command_worker.py | command_worker | 83] Generated command: CHANGING_YAW: 62.292893520088036
20:34:09: [INFO] [C:\Users\revan\Documents\GitHub\autonomy-bootcamp-2025-p2\modules\command\command.py | run | 83] Average Velocity - X: 0.00, Y: 0.00, Z: 0.29
20:34:09: [INFO] [C:\Users\revan\Documents\GitHub\autonomy-bootcamp-2025-p2\modules\command\command_worker.py | command_worker | 83] Generated command: CHANGING_YAW: 62.362706690167805
20:34:10: [INFO] [C:\Users\revan\Documents\GitHub\autonomy-bootcamp-2025-p2\modules\command\command.py | run | 83] Average Velocity - X: 0.00, Y: 2.50, Z: 0.25
20:34:10: [INFO] [C:\Users\revan\Documents\GitHub\autonomy-bootcamp-2025-p2\modules\command\command_worker.py | command_worker | 83] Generated command: CHANGING_YAW: 63.43494882292201
20:34:11: [INFO] [C:\Users\revan\Documents\GitHub\autonomy-bootcamp-2025-p2\modules\command\command.py | run | 83] Average Velocity - X: 0.00, Y: 4.44, Z: 0.22
20:34:11: [INFO] [C:\Users\revan\Documents\GitHub\autonomy-bootcamp-2025-p2\modules\command\command_worker.py | command_worker | 83] Generated command: CHANGING_YAW: 90.0
20:34:12: [INFO] [C:\Users\revan\Documents\GitHub\autonomy-bootcamp-2025-p2\modules\command\command.py | run | 83] Average Velocity - X: 0.00, Y: 6.00, Z: 0.20
20:34:12: [INFO] [C:\Users\revan\Documents\GitHub\autonomy-bootcamp-2025-p2\modules\command\command_worker.py | command_worker | 83] Generated command: CHANGING_YAW: 116.56505117707799
20:34:13: [INFO] [C:\Users\revan\Documents\GitHub\autonomy-bootcamp-2025-p2\modules\command\command.py | run | 83] Average Velocity - X: 1.82, Y: 5.45, Z: 0.18
20:34:13: [INFO] [C:\Users\revan\Documents\GitHub\autonomy-bootcamp-2025-p2\modules\command\command_worker.py | command_worker | 83] Generated command: CHANGING_YAW: 133.4292036732051
20:34:14: [INFO] [C:\Users\revan\Documents\GitHub\autonomy-bootcamp-2025-p2\modules\command\command.py | run | 83] Average Velocity - X: 3.33, Y: 5.00, Z: 0.17
20:34:14: [INFO] [C:\Users\revan\Documents\GitHub\autonomy-bootcamp-2025-p2\modules\command\command_worker.py | command_worker | 83] Generated command: CHANGING_YAW: 151.8641524961271
20:34:15: [INFO] [C:\Users\revan\Documents\GitHub\autonomy-bootcamp-2025-p2\modules\command\command.py | run | 83] Average Velocity - X: 4.62, Y: 4.62, Z: 0.15
20:34:15: [INFO] [C:\Users\revan\Documents\GitHub\autonomy-bootcamp-2025-p2\modules\command\command_worker.py | command_worker | 83] Generated command: CHANGING_YAW: 178.4292036732051
20:34:16: [INFO] [C:\Users\revan\Documents\GitHub\autonomy-bootcamp-2025-p2\modules\command\command.py | run | 83] Average Velocity - X: 4.29, Y: 2.86, Z: 0.14
20:34:16: [INFO] [C:\Users\revan\Documents\GitHub\autonomy-bootcamp-2025-p2\modules\command\command_worker.py | command_worker | 83] Generated command: CHANGING_YAW: -156.57654147651178
20:34:17: [INFO] [C:\Users\revan\Documents\GitHub\autonomy-bootcamp-2025-p2\modules\command\command.py | run | 83] Average Velocity - X: 4.00, Y: 1.33, Z: 0.13
20:34:17: [INFO] [C:\Users\revan\Documents\GitHub\autonomy-bootcamp-2025-p2\modules\command\command_worker.py | command_worker | 83] Generated command: CHANGING_YAW: -131.85840734641022
20:34:18: [INFO] [C:\Users\revan\Documents\GitHub\autonomy-bootcamp-2025-p2\modules\command\command.py | run | 83] Average Velocity - X: 3.75, Y: 0.00, Z: 0.12
20:34:18: [INFO] [C:\Users\revan\Documents\GitHub\autonomy-bootcamp-2025-p2\modules\command\command_worker.py | command_worker | 83] Generated command: CHANGING_YAW: -93.1415926535898
