07:01:35: [INFO] [C:\Users\revan\Documents\GitHub\autonomy-bootcamp-2025-p2\modules\command\command_worker.py | command_worker | 47] Logger initialized
07:01:35: [INFO] [C:\Users\revan\Documents\GitHub\autonomy-bootcamp-2025-p2\modules\command\command.py | run | 92] Average Velocity - X: 0.00, Y: 0.00, Z: 4.00
07:01:36: [INFO] [C:\Users\revan\Documents\GitHub\autonomy-bootcamp-2025-p2\modules\command\command.py | run | 92] Average Velocity - X: 0.00, Y: 0.00, Z: 1.00
07:01:36: [INFO] [C:\Users\revan\Documents\GitHub\autonomy-bootcamp-2025-p2\modules\command\command.py | run | 92] Average Velocity - X: 0.00, Y: 0.00, Z: 0.67
07:01:36: [INFO] [C:\Users\revan\Documents\GitHub\autonomy-bootcamp-2025-p2\modules\command\command.py | run | 142] Current Yaw: 1.11, Desired Yaw: 0.00
07:01:37: [INFO] [C:\Users\revan\Documents\GitHub\autonomy-bootcamp-2025-p2\modules\command\command.py | run | 92] Average Velocity - X: 0.00, Y: 0.00, Z: 0.50
07:01:37: [INFO] [C:\Users\revan\Documents\GitHub\autonomy-bootcamp-2025-p2\modules\command\command.py | run | 142] Current Yaw: 1.11, Desired Yaw: 0.00
07:01:37: [INFO] [C:\Users\revan\Documents\GitHub\autonomy-bootcamp-2025-p2\modules\command\command.py | run | 92] Average Velocity - X: 0.00, Y: 0.00, Z: 0.40
07:01:37: [INFO] [C:\Users\revan\Documents\GitHub\autonomy-bootcamp-2025-p2\modules\command\command.py | run | 142] Current Yaw: 1.11, Desired Yaw: 0.00
07:01:38: [INFO] [C:\Users\revan\Documents\GitHub\autonomy-bootcamp-2025-p2\modules\command\command.py | run | 92] Average Velocity - X: 0.00, Y: 0.00, Z: 0.33
07:01:38: [INFO] [C:\Users\revan\Documents\GitHub\autonomy-bootcamp-2025-p2\modules\command\command.py | run | 142] Current Yaw: 1.14, Desired Yaw: -2.00
07:01:38: [INFO] [C:\Users\revan\Documents\GitHub\autonomy-bootcamp-2025-p2\modules\command\command.py | run | 92] Average Velocity - X: 0.00, Y: 0.00, Z: 0.29
07:01:38: [INFO] [C:\Users\revan\Documents\GitHub\autonomy-bootcamp-2025-p2\modules\command\command.py | run | 142] Current Yaw: 1.07, Desired Yaw: 2.00
07:01:39: [INFO] [C:\Users\revan\Documents\GitHub\autonomy-bootcamp-2025-p2\modules\command\command.py | run | 92] Average Velocity - X: 0.00, Y: 2.50, Z: 0.25
07:01:39: [INFO] [C:\Users\revan\Documents\GitHub\autonomy-bootcamp-2025-p2\modules\command\command.py | run | 142] Current Yaw: 0.00, Desired Yaw: 63.43
07:01:39: [INFO] [C:\Users\revan\Documents\GitHub\autonomy-bootcamp-2025-p2\modules\command\command.py | run | 92] Average Velocity - X: 0.00, Y: 4.44, Z: 0.22
07:01:39: [INFO] [C:\Users\revan\Documents\GitHub\autonomy-bootcamp-2025-p2\modules\command\command.py | run | 142] Current Yaw: 0.00, Desired Yaw: 90.00
07:01:40: [INFO] [C:\Users\revan\Documents\GitHub\autonomy-bootcamp-2025-p2\modules\command\command.py | run | 92] Average Velocity - X: 0.00, Y: 6.00, Z: 0.20
07:01:40: [INFO] [C:\Users\revan\Documents\GitHub\autonomy-bootcamp-2025-p2\modules\command\command.py | run | 142] Current Yaw: 0.00, Desired Yaw: 116.57
07:01:40: [INFO] [C:\Users\revan\Documents\GitHub\autonomy-bootcamp-2025-p2\modules\command\command.py | run | 92] Average Velocity - X: 1.82, Y: 5.45, Z: 0.18
07:01:40: [INFO] [C:\Users\revan\Documents\GitHub\autonomy-bootcamp-2025-p2\modules\command\command.py | run | 142] Current Yaw: 1.57, Desired Yaw: 45.00
07:01:41: [INFO] [C:\Users\revan\Documents\GitHub\autonomy-bootcamp-2025-p2\modules\command\command.py | run | 92] Average Velocity - X: 3.33, Y: 5.00, Z: 0.17
07:01:41: [INFO] [C:\Users\revan\Documents\GitHub\autonomy-bootcamp-2025-p2\modules\command\command.py | run | 142] Current Yaw: 1.57, Desired Yaw: 63.43
07:01:41: [INFO] [C:\Users\revan\Documents\GitHub\autonomy-bootcamp-2025-p2\modules\command\command.py | run | 92] Average Velocity - X: 4.62, Y: 4.62, Z: 0.15
07:01:41: [INFO] [C:\Users\revan\Documents\GitHub\autonomy-bootcamp-2025-p2\modules\command\command.py | run | 142] Current Yaw: 1.57, Desired Yaw: 90.00
07:01:42: [INFO] [C:\Users\revan\Documents\GitHub\autonomy-bootcamp-2025-p2\modules\command\command.py | run | 92] Average Velocity - X: 4.29, Y: 2.86, Z: 0.14
07:01:42: [INFO] [C:\Users\revan\Documents\GitHub\autonomy-bootcamp-2025-p2\modules\command\command.py | run | 142] Current Yaw: 3.14, Desired Yaw: -333.43
07:01:42: [INFO] [C:\Users\revan\Documents\GitHub\autonomy-bootcamp-2025-p2\modules\command\command.py | run | 92] Average Velocity - X: 4.00, Y: 1.33, Z: 0.13
07:01:42: [INFO] [C:\Users\revan\Documents\GitHub\autonomy-bootcamp-2025-p2\modules\command\command.py | run | 142] Current Yaw: -3.14, Desired Yaw: 45.00
07:01:43: [INFO] [C:\Users\revan\Documents\GitHub\autonomy-bootcamp-2025-p2\modules\command\command.py | run | 92] Average Velocity - X: 3.75, Y: 0.00, Z: 0.12
07:01:43: [INFO] [C:\Users\revan\Documents\GitHub\autonomy-bootcamp-2025-p2\modules\command\command.py | run | 142] Current Yaw: 3.14, Desired Yaw: -270.00
07:01:43: [INFO] [C:\Users\revan\Documents\GitHub\autonomy-bootcamp-2025-p2\modules\command\command.py | run | 92] Average Velocity - X: 2.35, Y: 0.00, Z: 0.12
07:01:43: [INFO] [C:\Users\revan\Documents\GitHub\autonomy-bootcamp-2025-p2\modules\command\command.py | run | 142] Current Yaw: -1.57, Desired Yaw: 45.00
07:01:44: [INFO] [C:\Users\revan\Documents\GitHub\autonomy-bootcamp-2025-p2\modules\command\command.py | run | 92] Average Velocity - X: 1.11, Y: 0.00, Z: 0.11
07:01:44: [INFO] [C:\Users\revan\Documents\GitHub\autonomy-bootcamp-2025-p2\modules\command\command.py | run | 142] Current Yaw: -1.57, Desired Yaw: 90.00
07:01:44: [INFO] [C:\Users\revan\Documents\GitHub\autonomy-bootcamp-2025-p2\modules\command\command.py | run | 92] Average Velocity - X: 0.00, Y: 0.00, Z: 0.11
07:01:44: [INFO] [C:\Users\revan\Documents\GitHub\autonomy-bootcamp-2025-p2\modules\command\command.py | run | 142] Current Yaw: -1.57, Desired Yaw: 135.00
07:01:45: [INFO] [C:\Users\revan\Documents\GitHub\autonomy-bootcamp-2025-p2\modules\command\command.py | run | 92] Average Velocity - X: 0.00, Y: 1.00, Z: 0.10
07:01:45: [INFO] [C:\Users\revan\Documents\GitHub\autonomy-bootcamp-2025-p2\modules\command\command.py | run | 142] Current Yaw: 1.57, Desired Yaw: -26.57
07:01:45: [INFO] [C:\Users\revan\Documents\GitHub\autonomy-bootcamp-2025-p2\modules\command\command.py | run | 92] Average Velocity - X: 0.00, Y: 1.90, Z: 0.10
07:01:45: [INFO] [C:\Users\revan\Documents\GitHub\autonomy-bootcamp-2025-p2\modules\command\command.py | run | 142] Current Yaw: 1.57, Desired Yaw: -45.00
07:01:46: [INFO] [C:\Users\revan\Documents\GitHub\autonomy-bootcamp-2025-p2\modules\command\command.py | run | 92] Average Velocity - X: 0.00, Y: 2.73, Z: 0.09
07:01:46: [INFO] [C:\Users\revan\Documents\GitHub\autonomy-bootcamp-2025-p2\modules\command\command.py | run | 142] Current Yaw: 1.57, Desired Yaw: -90.00
07:01:46: [INFO] [C:\Users\revan\Documents\GitHub\autonomy-bootcamp-2025-p2\modules\command\command.py | run | 92] Average Velocity - X: 0.87, Y: 2.61, Z: 0.09
07:01:46: [INFO] [C:\Users\revan\Documents\GitHub\autonomy-bootcamp-2025-p2\modules\command\command.py | run | 142] Current Yaw: 0.00, Desired Yaw: -45.00
07:01:47: [INFO] [C:\Users\revan\Documents\GitHub\autonomy-bootcamp-2025-p2\modules\command\command.py | run | 92] Average Velocity - X: 1.67, Y: 2.50, Z: 0.08
07:01:47: [INFO] [C:\Users\revan\Documents\GitHub\autonomy-bootcamp-2025-p2\modules\command\command.py | run | 142] Current Yaw: 0.00, Desired Yaw: -90.00
07:01:47: [INFO] [C:\Users\revan\Documents\GitHub\autonomy-bootcamp-2025-p2\modules\command\command.py | run | 92] Average Velocity - X: 2.40, Y: 2.40, Z: 0.08
07:01:47: [INFO] [C:\Users\revan\Documents\GitHub\autonomy-bootcamp-2025-p2\modules\command\command.py | run | 142] Current Yaw: 0.00, Desired Yaw: -135.00
07:01:48: [INFO] [C:\Users\revan\Documents\GitHub\autonomy-bootcamp-2025-p2\modules\command\command.py | run | 92] Average Velocity - X: 2.31, Y: 1.54, Z: 0.08
07:01:48: [INFO] [C:\Users\revan\Documents\GitHub\autonomy-bootcamp-2025-p2\modules\command\command.py | run | 142] Current Yaw: -1.57, Desired Yaw: -63.43
07:01:48: [INFO] [C:\Users\revan\Documents\GitHub\autonomy-bootcamp-2025-p2\modules\command\command.py | run | 92] Average Velocity - X: 2.22, Y: 0.74, Z: 0.07
07:01:48: [INFO] [C:\Users\revan\Documents\GitHub\autonomy-bootcamp-2025-p2\modules\command\command.py | run | 142] Current Yaw: -1.57, Desired Yaw: 270.00
07:01:49: [INFO] [C:\Users\revan\Documents\GitHub\autonomy-bootcamp-2025-p2\modules\command\command.py | run | 92] Average Velocity - X: 2.14, Y: 0.00, Z: 0.07
07:01:49: [INFO] [C:\Users\revan\Documents\GitHub\autonomy-bootcamp-2025-p2\modules\command\command.py | run | 142] Current Yaw: -1.57, Desired Yaw: 243.43
07:01:49: [INFO] [C:\Users\revan\Documents\GitHub\autonomy-bootcamp-2025-p2\modules\command\command.py | run | 92] Average Velocity - X: 1.38, Y: 0.00, Z: 0.07
07:01:49: [INFO] [C:\Users\revan\Documents\GitHub\autonomy-bootcamp-2025-p2\modules\command\command.py | run | 142] Current Yaw: -3.14, Desired Yaw: 315.00
07:01:50: [INFO] [C:\Users\revan\Documents\GitHub\autonomy-bootcamp-2025-p2\modules\command\command.py | run | 92] Average Velocity - X: 0.67, Y: 0.00, Z: 0.07
07:01:50: [INFO] [C:\Users\revan\Documents\GitHub\autonomy-bootcamp-2025-p2\modules\command\command.py | run | 142] Current Yaw: 3.14, Desired Yaw: -63.43
07:01:50: [INFO] [C:\Users\revan\Documents\GitHub\autonomy-bootcamp-2025-p2\modules\command\command.py | run | 92] Average Velocity - X: 0.00, Y: 0.00, Z: 0.06
07:01:50: [INFO] [C:\Users\revan\Documents\GitHub\autonomy-bootcamp-2025-p2\modules\command\command.py | run | 142] Current Yaw: -3.14, Desired Yaw: 270.00
07:01:51: [INFO] [C:\Users\revan\Documents\GitHub\autonomy-bootcamp-2025-p2\modules\command\command_worker.py | command_worker | 86] Worker Done
